11/13/2020 08:39:08 PM Procesando imagen de control...
11/13/2020 08:39:19 PM Procesando imagen de control...
11/13/2020 08:43:00 PM Procesando imagen de prueba...
11/13/2020 08:43:03 PM Niveles de confidencia menores a 97%. Abortando.
11/13/2020 08:43:03 PM Nivel Control:99.90364837646484
11/13/2020 08:43:03 PM Nivel Prueba:93.06632142908433
11/13/2020 09:32:31 PM Found credentials in shared credentials file: ~/.aws/credentials
11/13/2020 09:44:14 PM Procesando imagen de control...
11/13/2020 09:44:45 PM Procesando imagen de prueba...
11/13/2020 09:44:53 PM Texto faltante. Retornando false.
11/13/2020 09:47:11 PM Procesando imagen de control...
11/13/2020 09:47:23 PM Procesando imagen de prueba...
11/13/2020 09:47:30 PM Todo el texto esta contenido, retornando true.
11/13/2020 09:48:44 PM Procesando imagen de control...
11/13/2020 09:49:39 PM Procesando imagen de control...
11/13/2020 09:49:43 PM Procesando imagen de prueba...
11/13/2020 09:49:58 PM Procesando imagen de control...
11/13/2020 09:50:16 PM Procesando imagen de control...
11/13/2020 09:50:28 PM Procesando imagen de prueba...
11/13/2020 09:50:30 PM Todo el texto esta contenido, retornando true.
11/13/2020 09:54:40 PM Procesando imagen de control...
11/13/2020 09:54:48 PM Procesando imagen de prueba...
11/13/2020 09:54:55 PM Texto faltante. Retornando false.
11/13/2020 09:55:23 PM Procesando imagen de control...
11/13/2020 09:55:31 PM Procesando imagen de prueba...
11/13/2020 09:55:40 PM Procesando imagen de control...
11/13/2020 09:55:48 PM Procesando imagen de prueba...
11/13/2020 09:55:51 PM Texto faltante. Retornando false.
11/13/2020 09:56:57 PM Procesando imagen de control...
11/13/2020 09:57:13 PM Procesando imagen de prueba...
11/13/2020 09:57:17 PM Niveles de confidencia menores a 97%. Abortando.
11/13/2020 09:57:17 PM Nivel Control:99.90429772271051
11/13/2020 09:57:17 PM Nivel Prueba:93.06632142908433
11/13/2020 10:03:40 PM Procesando imagen de control...
11/13/2020 10:03:49 PM Procesando imagen de prueba...
